Building DAG of jobs...
Using shell: /usr/bin/bash
Provided cluster nodes: 15
Job counts:
	count	jobs
	1	all
	5	hisat2_align_reads
	5	index_mkdup_bam
	5	mark_duplicates
	5	readgroup
	5	sam_to_bam
	5	sort_bam
	31

[Wed Mar 15 16:01:13 2023]
rule hisat2_align_reads:
    input: /scratch/eknodel/TESLA/trimmed_fastqs/TESLA_19_trimmed_read1.fastq, /scratch/eknodel/TESLA/trimmed_fastqs/TESLA_19_trimmed_read2.fastq
    output: /scratch/eknodel/TESLA/RNAseq/sam/TESLA_19_RNA_HISAT2_genome_aligned.sam
    jobid: 12
    wildcards: sample=TESLA_19

Submitted job 12 with external jobid 'Submitted batch job 2066448'.

[Wed Mar 15 16:01:14 2023]
rule hisat2_align_reads:
    input: /scratch/eknodel/TESLA/trimmed_fastqs/TESLA_11_trimmed_read1.fastq, /scratch/eknodel/TESLA/trimmed_fastqs/TESLA_11_trimmed_read2.fastq
    output: /scratch/eknodel/TESLA/RNAseq/sam/TESLA_11_RNA_HISAT2_genome_aligned.sam
    jobid: 1
    wildcards: sample=TESLA_11

Submitted job 1 with external jobid 'Submitted batch job 2066449'.

[Wed Mar 15 16:01:15 2023]
rule hisat2_align_reads:
    input: /scratch/eknodel/TESLA/trimmed_fastqs/TESLA_94_trimmed_read1.fastq, /scratch/eknodel/TESLA/trimmed_fastqs/TESLA_94_trimmed_read2.fastq
    output: /scratch/eknodel/TESLA/RNAseq/sam/TESLA_94_RNA_HISAT2_genome_aligned.sam
    jobid: 20
    wildcards: sample=TESLA_94

Submitted job 20 with external jobid 'Submitted batch job 2066450'.

[Wed Mar 15 16:01:15 2023]
rule hisat2_align_reads:
    input: /scratch/eknodel/TESLA/trimmed_fastqs/TESLA_3_trimmed_read1.fastq, /scratch/eknodel/TESLA/trimmed_fastqs/TESLA_3_trimmed_read2.fastq
    output: /scratch/eknodel/TESLA/RNAseq/sam/TESLA_3_RNA_HISAT2_genome_aligned.sam
    jobid: 3
    wildcards: sample=TESLA_3

Submitted job 3 with external jobid 'Submitted batch job 2066451'.

[Wed Mar 15 16:01:15 2023]
rule hisat2_align_reads:
    input: /scratch/eknodel/TESLA/trimmed_fastqs/TESLA_97_trimmed_read1.fastq, /scratch/eknodel/TESLA/trimmed_fastqs/TESLA_97_trimmed_read2.fastq
    output: /scratch/eknodel/TESLA/RNAseq/sam/TESLA_97_RNA_HISAT2_genome_aligned.sam
    jobid: 13
    wildcards: sample=TESLA_97

Submitted job 13 with external jobid 'Submitted batch job 2066452'.
[Wed Mar 15 16:01:23 2023]
Error in rule hisat2_align_reads:
    jobid: 12
    output: /scratch/eknodel/TESLA/RNAseq/sam/TESLA_19_RNA_HISAT2_genome_aligned.sam
    cluster_jobid: Submitted batch job 2066448

[Wed Mar 15 16:01:23 2023]
Error in rule hisat2_align_reads:
    jobid: 1
    output: /scratch/eknodel/TESLA/RNAseq/sam/TESLA_11_RNA_HISAT2_genome_aligned.sam
    cluster_jobid: Submitted batch job 2066449

[Wed Mar 15 16:01:23 2023]
Error in rule hisat2_align_reads:
    jobid: 20
    output: /scratch/eknodel/TESLA/RNAseq/sam/TESLA_94_RNA_HISAT2_genome_aligned.sam
    cluster_jobid: Submitted batch job 2066450

[Wed Mar 15 16:01:23 2023]
Error in rule hisat2_align_reads:
    jobid: 3
    output: /scratch/eknodel/TESLA/RNAseq/sam/TESLA_3_RNA_HISAT2_genome_aligned.sam
    cluster_jobid: Submitted batch job 2066451

[Wed Mar 15 16:01:23 2023]
Error in rule hisat2_align_reads:
    jobid: 13
    output: /scratch/eknodel/TESLA/RNAseq/sam/TESLA_97_RNA_HISAT2_genome_aligned.sam
    cluster_jobid: Submitted batch job 2066452

Shutting down, this might take some time.
Exiting because a job execution failed. Look above for error message
Complete log: /home/eknodel/TESLA_Cancer_Genomics/Cancer_Genomics/05_variant_specific_allele_frequencies/.snakemake/log/2023-03-15T160113.796608.snakemake.log
