Building DAG of jobs...
Using shell: /usr/bin/bash
Provided cluster nodes: 15
Job counts:
	count	jobs
	1	all
	5	gunzip
	5	hisat2_align_reads
	5	index_mkdup_bam
	5	mark_duplicates
	5	readgroup
	5	sam_to_bam
	5	sort_bam
	36

[Wed Mar 15 15:25:30 2023]
rule gunzip:
    input: /home/eknodel/TESLA_Cancer_Genomics/Cancer_Genomics/01_somatic_mutation_calling/trimmed_fastqs/TESLA_3_trimmed_read1.fastq.gz, /home/eknodel/TESLA_Cancer_Genomics/Cancer_Genomics/01_somatic_mutation_calling/trimmed_fastqs/TESLA_3_trimmed_read2.fastq.gz
    output: /home/eknodel/TESLA_Cancer_Genomics/Cancer_Genomics/01_somatic_mutation_calling/trimmed_fastqs/TESLA_3_trimmed_read1.fastq, /home/eknodel/TESLA_Cancer_Genomics/Cancer_Genomics/01_somatic_mutation_calling/trimmed_fastqs/TESLA_3_trimmed_read2.fastq
    jobid: 26
    wildcards: sample=TESLA_3

Submitted job 26 with external jobid 'Submitted batch job 2064938'.

[Wed Mar 15 15:25:30 2023]
rule gunzip:
    input: /home/eknodel/TESLA_Cancer_Genomics/Cancer_Genomics/01_somatic_mutation_calling/trimmed_fastqs/TESLA_19_trimmed_read1.fastq.gz, /home/eknodel/TESLA_Cancer_Genomics/Cancer_Genomics/01_somatic_mutation_calling/trimmed_fastqs/TESLA_19_trimmed_read2.fastq.gz
    output: /home/eknodel/TESLA_Cancer_Genomics/Cancer_Genomics/01_somatic_mutation_calling/trimmed_fastqs/TESLA_19_trimmed_read1.fastq, /home/eknodel/TESLA_Cancer_Genomics/Cancer_Genomics/01_somatic_mutation_calling/trimmed_fastqs/TESLA_19_trimmed_read2.fastq
    jobid: 30
    wildcards: sample=TESLA_19

Submitted job 30 with external jobid 'Submitted batch job 2064939'.

[Wed Mar 15 15:25:30 2023]
rule gunzip:
    input: /home/eknodel/TESLA_Cancer_Genomics/Cancer_Genomics/01_somatic_mutation_calling/trimmed_fastqs/TESLA_94_trimmed_read1.fastq.gz, /home/eknodel/TESLA_Cancer_Genomics/Cancer_Genomics/01_somatic_mutation_calling/trimmed_fastqs/TESLA_94_trimmed_read2.fastq.gz
    output: /home/eknodel/TESLA_Cancer_Genomics/Cancer_Genomics/01_somatic_mutation_calling/trimmed_fastqs/TESLA_94_trimmed_read1.fastq, /home/eknodel/TESLA_Cancer_Genomics/Cancer_Genomics/01_somatic_mutation_calling/trimmed_fastqs/TESLA_94_trimmed_read2.fastq
    jobid: 22
    wildcards: sample=TESLA_94

Submitted job 22 with external jobid 'Submitted batch job 2064940'.

[Wed Mar 15 15:25:31 2023]
rule gunzip:
    input: /home/eknodel/TESLA_Cancer_Genomics/Cancer_Genomics/01_somatic_mutation_calling/trimmed_fastqs/TESLA_11_trimmed_read1.fastq.gz, /home/eknodel/TESLA_Cancer_Genomics/Cancer_Genomics/01_somatic_mutation_calling/trimmed_fastqs/TESLA_11_trimmed_read2.fastq.gz
    output: /home/eknodel/TESLA_Cancer_Genomics/Cancer_Genomics/01_somatic_mutation_calling/trimmed_fastqs/TESLA_11_trimmed_read1.fastq, /home/eknodel/TESLA_Cancer_Genomics/Cancer_Genomics/01_somatic_mutation_calling/trimmed_fastqs/TESLA_11_trimmed_read2.fastq
    jobid: 27
    wildcards: sample=TESLA_11

Submitted job 27 with external jobid 'Submitted batch job 2064941'.

[Wed Mar 15 15:25:31 2023]
rule gunzip:
    input: /home/eknodel/TESLA_Cancer_Genomics/Cancer_Genomics/01_somatic_mutation_calling/trimmed_fastqs/TESLA_97_trimmed_read1.fastq.gz, /home/eknodel/TESLA_Cancer_Genomics/Cancer_Genomics/01_somatic_mutation_calling/trimmed_fastqs/TESLA_97_trimmed_read2.fastq.gz
    output: /home/eknodel/TESLA_Cancer_Genomics/Cancer_Genomics/01_somatic_mutation_calling/trimmed_fastqs/TESLA_97_trimmed_read1.fastq, /home/eknodel/TESLA_Cancer_Genomics/Cancer_Genomics/01_somatic_mutation_calling/trimmed_fastqs/TESLA_97_trimmed_read2.fastq
    jobid: 25
    wildcards: sample=TESLA_97

Submitted job 25 with external jobid 'Submitted batch job 2064942'.
[Wed Mar 15 15:26:40 2023]
Error in rule gunzip:
    jobid: 26
    output: /home/eknodel/TESLA_Cancer_Genomics/Cancer_Genomics/01_somatic_mutation_calling/trimmed_fastqs/TESLA_3_trimmed_read1.fastq, /home/eknodel/TESLA_Cancer_Genomics/Cancer_Genomics/01_somatic_mutation_calling/trimmed_fastqs/TESLA_3_trimmed_read2.fastq
    cluster_jobid: Submitted batch job 2064938

[Wed Mar 15 15:27:01 2023]
Error in rule gunzip:
    jobid: 30
    output: /home/eknodel/TESLA_Cancer_Genomics/Cancer_Genomics/01_somatic_mutation_calling/trimmed_fastqs/TESLA_19_trimmed_read1.fastq, /home/eknodel/TESLA_Cancer_Genomics/Cancer_Genomics/01_somatic_mutation_calling/trimmed_fastqs/TESLA_19_trimmed_read2.fastq
    cluster_jobid: Submitted batch job 2064939

[Wed Mar 15 15:27:01 2023]
Error in rule gunzip:
    jobid: 22
    output: /home/eknodel/TESLA_Cancer_Genomics/Cancer_Genomics/01_somatic_mutation_calling/trimmed_fastqs/TESLA_94_trimmed_read1.fastq, /home/eknodel/TESLA_Cancer_Genomics/Cancer_Genomics/01_somatic_mutation_calling/trimmed_fastqs/TESLA_94_trimmed_read2.fastq
    cluster_jobid: Submitted batch job 2064940

[Wed Mar 15 15:27:01 2023]
Error in rule gunzip:
    jobid: 27
    output: /home/eknodel/TESLA_Cancer_Genomics/Cancer_Genomics/01_somatic_mutation_calling/trimmed_fastqs/TESLA_11_trimmed_read1.fastq, /home/eknodel/TESLA_Cancer_Genomics/Cancer_Genomics/01_somatic_mutation_calling/trimmed_fastqs/TESLA_11_trimmed_read2.fastq
    cluster_jobid: Submitted batch job 2064941

[Wed Mar 15 15:27:01 2023]
Error in rule gunzip:
    jobid: 25
    output: /home/eknodel/TESLA_Cancer_Genomics/Cancer_Genomics/01_somatic_mutation_calling/trimmed_fastqs/TESLA_97_trimmed_read1.fastq, /home/eknodel/TESLA_Cancer_Genomics/Cancer_Genomics/01_somatic_mutation_calling/trimmed_fastqs/TESLA_97_trimmed_read2.fastq
    cluster_jobid: Submitted batch job 2064942

Shutting down, this might take some time.
Exiting because a job execution failed. Look above for error message
Complete log: /home/eknodel/TESLA_Cancer_Genomics/Cancer_Genomics/05_variant_specific_allele_frequencies/.snakemake/log/2023-03-15T152530.636709.snakemake.log
