Building DAG of jobs...
Using shell: /usr/bin/bash
Provided cluster nodes: 15
Job counts:
	count	jobs
	1	all
	5	hisat2_align_reads
	5	index_mkdup_bam
	5	mark_duplicates
	5	readgroup
	5	sam_to_bam
	5	sort_bam
	31

[Tue Mar 14 20:19:53 2023]
rule hisat2_align_reads:
    input: /home/eknodel/TESLA_Cancer_Genomics/Cancer_Genomics/01_somatic_mutation_calling/trimmed_fastqs/TESLA_97_trimmed_read1.fastq.gz, /home/eknodel/TESLA_Cancer_Genomics/Cancer_Genomics/01_somatic_mutation_calling/trimmed_fastqs/TESLA_97_trimmed_read2.fastq.gz
    output: /scratch/eknodel/TESLA/RNAseq/sam/TESLA_97_RNA_HISAT2_genome_aligned.sam
    jobid: 7
    wildcards: sample=TESLA_97

Submitted job 7 with external jobid 'Submitted batch job 2045784'.

[Tue Mar 14 20:19:53 2023]
rule hisat2_align_reads:
    input: /home/eknodel/TESLA_Cancer_Genomics/Cancer_Genomics/01_somatic_mutation_calling/trimmed_fastqs/TESLA_3_trimmed_read1.fastq.gz, /home/eknodel/TESLA_Cancer_Genomics/Cancer_Genomics/01_somatic_mutation_calling/trimmed_fastqs/TESLA_3_trimmed_read2.fastq.gz
    output: /scratch/eknodel/TESLA/RNAseq/sam/TESLA_3_RNA_HISAT2_genome_aligned.sam
    jobid: 1
    wildcards: sample=TESLA_3

Submitted job 1 with external jobid 'Submitted batch job 2045785'.

[Tue Mar 14 20:19:53 2023]
rule hisat2_align_reads:
    input: /home/eknodel/TESLA_Cancer_Genomics/Cancer_Genomics/01_somatic_mutation_calling/trimmed_fastqs/TESLA_11_trimmed_read1.fastq.gz, /home/eknodel/TESLA_Cancer_Genomics/Cancer_Genomics/01_somatic_mutation_calling/trimmed_fastqs/TESLA_11_trimmed_read2.fastq.gz
    output: /scratch/eknodel/TESLA/RNAseq/sam/TESLA_11_RNA_HISAT2_genome_aligned.sam
    jobid: 13
    wildcards: sample=TESLA_11

Submitted job 13 with external jobid 'Submitted batch job 2045786'.

[Tue Mar 14 20:19:53 2023]
rule hisat2_align_reads:
    input: /home/eknodel/TESLA_Cancer_Genomics/Cancer_Genomics/01_somatic_mutation_calling/trimmed_fastqs/TESLA_94_trimmed_read1.fastq.gz, /home/eknodel/TESLA_Cancer_Genomics/Cancer_Genomics/01_somatic_mutation_calling/trimmed_fastqs/TESLA_94_trimmed_read2.fastq.gz
    output: /scratch/eknodel/TESLA/RNAseq/sam/TESLA_94_RNA_HISAT2_genome_aligned.sam
    jobid: 20
    wildcards: sample=TESLA_94

Submitted job 20 with external jobid 'Submitted batch job 2045787'.

[Tue Mar 14 20:19:53 2023]
rule hisat2_align_reads:
    input: /home/eknodel/TESLA_Cancer_Genomics/Cancer_Genomics/01_somatic_mutation_calling/trimmed_fastqs/TESLA_19_trimmed_read1.fastq.gz, /home/eknodel/TESLA_Cancer_Genomics/Cancer_Genomics/01_somatic_mutation_calling/trimmed_fastqs/TESLA_19_trimmed_read2.fastq.gz
    output: /scratch/eknodel/TESLA/RNAseq/sam/TESLA_19_RNA_HISAT2_genome_aligned.sam
    jobid: 10
    wildcards: sample=TESLA_19

Submitted job 10 with external jobid 'Submitted batch job 2045788'.
[Tue Mar 14 20:20:03 2023]
Error in rule hisat2_align_reads:
    jobid: 7
    output: /scratch/eknodel/TESLA/RNAseq/sam/TESLA_97_RNA_HISAT2_genome_aligned.sam
    cluster_jobid: Submitted batch job 2045784

[Tue Mar 14 20:20:03 2023]
Error in rule hisat2_align_reads:
    jobid: 1
    output: /scratch/eknodel/TESLA/RNAseq/sam/TESLA_3_RNA_HISAT2_genome_aligned.sam
    cluster_jobid: Submitted batch job 2045785

[Tue Mar 14 20:20:03 2023]
Error in rule hisat2_align_reads:
    jobid: 13
    output: /scratch/eknodel/TESLA/RNAseq/sam/TESLA_11_RNA_HISAT2_genome_aligned.sam
    cluster_jobid: Submitted batch job 2045786

[Tue Mar 14 20:20:03 2023]
Error in rule hisat2_align_reads:
    jobid: 20
    output: /scratch/eknodel/TESLA/RNAseq/sam/TESLA_94_RNA_HISAT2_genome_aligned.sam
    cluster_jobid: Submitted batch job 2045787

[Tue Mar 14 20:20:03 2023]
Error in rule hisat2_align_reads:
    jobid: 10
    output: /scratch/eknodel/TESLA/RNAseq/sam/TESLA_19_RNA_HISAT2_genome_aligned.sam
    cluster_jobid: Submitted batch job 2045788

Shutting down, this might take some time.
Exiting because a job execution failed. Look above for error message
Complete log: /home/eknodel/TESLA_Cancer_Genomics/Cancer_Genomics/05_variant_specific_allele_frequencies/.snakemake/log/2023-03-14T201953.278946.snakemake.log
